{"D:\\Proyectos\\GymPro\\lib\\api-debug.ts": {"path":"D:\\Proyectos\\GymPro\\lib\\api-debug.ts","statementMap":{"0":{"start":{"line":7,"column":16},"end":{"line":7,"column":28}},"1":{"start":{"line":3,"column":16},"end":{"line":3,"column":30}},"2":{"start":{"line":4,"column":2},"end":{"line":4,"column":null}},"3":{"start":{"line":8,"column":2},"end":{"line":8,"column":null}}},"fnMap":{"0":{"name":"logApiRequest","decl":{"start":{"line":3,"column":16},"end":{"line":3,"column":30}},"loc":{"start":{"line":3,"column":62},"end":{"line":5,"column":null}}},"1":{"name":"logApiError","decl":{"start":{"line":7,"column":16},"end":{"line":7,"column":28}},"loc":{"start":{"line":7,"column":77},"end":{"line":9,"column":null}}}},"branchMap":{},"s":{"0":0,"1":0,"2":0,"3":0},"f":{"0":0,"1":0},"b":{}}
,"D:\\Proyectos\\GymPro\\lib\\audit-log.ts": {"path":"D:\\Proyectos\\GymPro\\lib\\audit-log.ts","statementMap":{"0":{"start":{"line":41,"column":16},"end":{"line":41,"column":25}},"1":{"start":{"line":42,"column":2},"end":{"line":48,"column":null}}},"fnMap":{"0":{"name":"auditLog","decl":{"start":{"line":41,"column":16},"end":{"line":41,"column":25}},"loc":{"start":{"line":41,"column":72},"end":{"line":50,"column":null}}}},"branchMap":{"0":{"loc":{"start":{"line":41,"column":46},"end":{"line":41,"column":72}},"type":"default-arg","locations":[{"start":{"line":41,"column":70},"end":{"line":41,"column":72}}]}},"s":{"0":0,"1":0},"f":{"0":0},"b":{"0":[0]}}
,"D:\\Proyectos\\GymPro\\lib\\auth-server.ts": {"path":"D:\\Proyectos\\GymPro\\lib\\auth-server.ts","statementMap":{"0":{"start":{"line":34,"column":13},"end":{"line":34,"column":31}},"1":{"start":{"line":45,"column":13},"end":{"line":45,"column":36}},"2":{"start":{"line":104,"column":16},"end":{"line":104,"column":null}},"3":{"start":{"line":120,"column":16},"end":{"line":120,"column":32}},"4":{"start":{"line":92,"column":16},"end":{"line":92,"column":29}},"5":{"start":{"line":143,"column":16},"end":{"line":143,"column":30}},"6":{"start":{"line":129,"column":16},"end":{"line":129,"column":30}},"7":{"start":{"line":153,"column":16},"end":{"line":153,"column":null}},"8":{"start":{"line":61,"column":22},"end":{"line":61,"column":33}},"9":{"start":{"line":21,"column":16},"end":{"line":21,"column":null}},"10":{"start":{"line":23,"column":22},"end":{"line":23,"column":null}},"11":{"start":{"line":24,"column":28},"end":{"line":24,"column":null}},"12":{"start":{"line":26,"column":29},"end":{"line":26,"column":null}},"13":{"start":{"line":38,"column":4},"end":{"line":38,"column":null}},"14":{"start":{"line":39,"column":4},"end":{"line":39,"column":null}},"15":{"start":{"line":40,"column":4},"end":{"line":40,"column":null}},"16":{"start":{"line":47,"column":4},"end":{"line":47,"column":null}},"17":{"start":{"line":62,"column":2},"end":{"line":62,"column":null}},"18":{"start":{"line":65,"column":4},"end":{"line":66,"column":null}},"19":{"start":{"line":68,"column":2},"end":{"line":70,"column":null}},"20":{"start":{"line":69,"column":4},"end":{"line":69,"column":null}},"21":{"start":{"line":72,"column":2},"end":{"line":85,"column":null}},"22":{"start":{"line":73,"column":20},"end":{"line":73,"column":null}},"23":{"start":{"line":74,"column":17},"end":{"line":74,"column":null}},"24":{"start":{"line":76,"column":4},"end":{"line":78,"column":null}},"25":{"start":{"line":77,"column":6},"end":{"line":77,"column":null}},"26":{"start":{"line":80,"column":4},"end":{"line":80,"column":null}},"27":{"start":{"line":82,"column":4},"end":{"line":82,"column":null}},"28":{"start":{"line":82,"column":36},"end":{"line":82,"column":null}},"29":{"start":{"line":84,"column":4},"end":{"line":84,"column":null}},"30":{"start":{"line":93,"column":2},"end":{"line":95,"column":null}},"31":{"start":{"line":94,"column":4},"end":{"line":94,"column":null}},"32":{"start":{"line":108,"column":2},"end":{"line":108,"column":null}},"33":{"start":{"line":108,"column":34},"end":{"line":108,"column":null}},"34":{"start":{"line":110,"column":2},"end":{"line":112,"column":null}},"35":{"start":{"line":111,"column":4},"end":{"line":111,"column":null}},"36":{"start":{"line":114,"column":2},"end":{"line":116,"column":null}},"37":{"start":{"line":115,"column":4},"end":{"line":115,"column":null}},"38":{"start":{"line":121,"column":2},"end":{"line":123,"column":null}},"39":{"start":{"line":122,"column":4},"end":{"line":122,"column":null}},"40":{"start":{"line":125,"column":2},"end":{"line":125,"column":null}},"41":{"start":{"line":130,"column":2},"end":{"line":133,"column":null}},"42":{"start":{"line":144,"column":2},"end":{"line":149,"column":null}},"43":{"start":{"line":157,"column":2},"end":{"line":168,"column":null}}},"fnMap":{"0":{"name":"(anonymous_11)","decl":{"start":{"line":37,"column":2},"end":{"line":37,"column":14}},"loc":{"start":{"line":37,"column":45},"end":{"line":41,"column":null}}},"1":{"name":"(anonymous_12)","decl":{"start":{"line":46,"column":2},"end":{"line":46,"column":14}},"loc":{"start":{"line":46,"column":43},"end":{"line":48,"column":null}}},"2":{"name":"verifyAuth","decl":{"start":{"line":61,"column":22},"end":{"line":61,"column":33}},"loc":{"start":{"line":61,"column":49},"end":{"line":86,"column":null}}},"3":{"name":"requireRoles","decl":{"start":{"line":92,"column":16},"end":{"line":92,"column":29}},"loc":{"start":{"line":92,"column":59},"end":{"line":96,"column":null}}},"4":{"name":"assertSameGym","decl":{"start":{"line":104,"column":16},"end":{"line":104,"column":null}},"loc":{"start":{"line":106,"column":67},"end":{"line":117,"column":null}}},"5":{"name":"handleAuthError","decl":{"start":{"line":120,"column":16},"end":{"line":120,"column":32}},"loc":{"start":{"line":120,"column":46},"end":{"line":126,"column":null}}},"6":{"name":"signAuthToken","decl":{"start":{"line":129,"column":16},"end":{"line":129,"column":30}},"loc":{"start":{"line":129,"column":41},"end":{"line":135,"column":null}}},"7":{"name":"setAuthCookie","decl":{"start":{"line":143,"column":16},"end":{"line":143,"column":30}},"loc":{"start":{"line":143,"column":67},"end":{"line":150,"column":null}}},"8":{"name":"toPublicUser","decl":{"start":{"line":153,"column":16},"end":{"line":153,"column":null}},"loc":{"start":{"line":155,"column":47},"end":{"line":169,"column":null}}}},"branchMap":{"0":{"loc":{"start":{"line":37,"column":31},"end":{"line":37,"column":43}},"type":"default-arg","locations":[{"start":{"line":37,"column":40},"end":{"line":37,"column":43}}]},"1":{"loc":{"start":{"line":46,"column":14},"end":{"line":46,"column":41}},"type":"default-arg","locations":[{"start":{"line":46,"column":24},"end":{"line":46,"column":41}}]},"2":{"loc":{"start":{"line":65,"column":4},"end":{"line":66,"column":null}},"type":"binary-expr","locations":[{"start":{"line":65,"column":4},"end":{"line":65,"column":null}},{"start":{"line":66,"column":4},"end":{"line":66,"column":null}}]},"3":{"loc":{"start":{"line":68,"column":2},"end":{"line":70,"column":null}},"type":"if","locations":[{"start":{"line":68,"column":2},"end":{"line":70,"column":null}},{"start":{},"end":{}}]},"4":{"loc":{"start":{"line":76,"column":4},"end":{"line":78,"column":null}},"type":"if","locations":[{"start":{"line":76,"column":4},"end":{"line":78,"column":null}},{"start":{},"end":{}}]},"5":{"loc":{"start":{"line":76,"column":8},"end":{"line":76,"column":31}},"type":"binary-expr","locations":[{"start":{"line":76,"column":8},"end":{"line":76,"column":17}},{"start":{"line":76,"column":17},"end":{"line":76,"column":31}}]},"6":{"loc":{"start":{"line":82,"column":4},"end":{"line":82,"column":null}},"type":"if","locations":[{"start":{"line":82,"column":4},"end":{"line":82,"column":null}},{"start":{},"end":{}}]},"7":{"loc":{"start":{"line":93,"column":2},"end":{"line":95,"column":null}},"type":"if","locations":[{"start":{"line":93,"column":2},"end":{"line":95,"column":null}},{"start":{},"end":{}}]},"8":{"loc":{"start":{"line":108,"column":2},"end":{"line":108,"column":null}},"type":"if","locations":[{"start":{"line":108,"column":2},"end":{"line":108,"column":null}},{"start":{},"end":{}}]},"9":{"loc":{"start":{"line":110,"column":2},"end":{"line":112,"column":null}},"type":"if","locations":[{"start":{"line":110,"column":2},"end":{"line":112,"column":null}},{"start":{},"end":{}}]},"10":{"loc":{"start":{"line":110,"column":6},"end":{"line":110,"column":37}},"type":"binary-expr","locations":[{"start":{"line":110,"column":6},"end":{"line":110,"column":17}},{"start":{"line":110,"column":21},"end":{"line":110,"column":37}}]},"11":{"loc":{"start":{"line":114,"column":2},"end":{"line":116,"column":null}},"type":"if","locations":[{"start":{"line":114,"column":2},"end":{"line":116,"column":null}},{"start":{},"end":{}}]},"12":{"loc":{"start":{"line":121,"column":2},"end":{"line":123,"column":null}},"type":"if","locations":[{"start":{"line":121,"column":2},"end":{"line":123,"column":null}},{"start":{},"end":{}}]},"13":{"loc":{"start":{"line":165,"column":13},"end":{"line":165,"column":null}},"type":"binary-expr","locations":[{"start":{"line":165,"column":13},"end":{"line":165,"column":26}},{"start":{"line":165,"column":26},"end":{"line":165,"column":null}}]},"14":{"loc":{"start":{"line":166,"column":13},"end":{"line":166,"column":null}},"type":"binary-expr","locations":[{"start":{"line":166,"column":13},"end":{"line":166,"column":26}},{"start":{"line":166,"column":26},"end":{"line":166,"column":null}}]},"15":{"loc":{"start":{"line":167,"column":20},"end":{"line":167,"column":null}},"type":"binary-expr","locations":[{"start":{"line":167,"column":20},"end":{"line":167,"column":39}},{"start":{"line":167,"column":43},"end":{"line":167,"column":null}}]}},"s":{"0":6,"1":2,"2":3,"3":2,"4":2,"5":0,"6":0,"7":0,"8":3,"9":2,"10":2,"11":2,"12":2,"13":7,"14":7,"15":7,"16":2,"17":3,"18":3,"19":3,"20":1,"21":2,"22":2,"23":2,"24":2,"25":1,"26":1,"27":1,"28":1,"29":0,"30":2,"31":1,"32":3,"33":1,"34":2,"35":0,"36":2,"37":1,"38":2,"39":1,"40":1,"41":0,"42":0,"43":0},"f":{"0":7,"1":2,"2":3,"3":2,"4":3,"5":2,"6":0,"7":0,"8":0},"b":{"0":[0],"1":[0],"2":[3,3],"3":[1,2],"4":[1,1],"5":[2,2],"6":[1,0],"7":[1,1],"8":[1,2],"9":[0,2],"10":[2,2],"11":[1,1],"12":[1,1],"13":[0,0],"14":[0,0],"15":[0,0]}}
,"D:\\Proyectos\\GymPro\\lib\\calendar-data.ts": {"path":"D:\\Proyectos\\GymPro\\lib\\calendar-data.ts","statementMap":{"0":{"start":{"line":26,"column":13},"end":{"line":26,"column":51}},"1":{"start":{"line":26,"column":51},"end":{"line":83,"column":null}}},"fnMap":{},"branchMap":{},"s":{"0":0,"1":0},"f":{},"b":{}}
,"D:\\Proyectos\\GymPro\\lib\\csrf.ts": {"path":"D:\\Proyectos\\GymPro\\lib\\csrf.ts","statementMap":{"0":{"start":{"line":63,"column":16},"end":{"line":63,"column":27}},"1":{"start":{"line":35,"column":16},"end":{"line":35,"column":27}},"2":{"start":{"line":21,"column":26},"end":{"line":21,"column":null}},"3":{"start":{"line":25,"column":15},"end":{"line":25,"column":null}},"4":{"start":{"line":26,"column":2},"end":{"line":26,"column":null}},"5":{"start":{"line":26,"column":13},"end":{"line":26,"column":null}},"6":{"start":{"line":28,"column":2},"end":{"line":28,"column":null}},"7":{"start":{"line":37,"column":21},"end":{"line":37,"column":null}},"8":{"start":{"line":38,"column":2},"end":{"line":40,"column":null}},"9":{"start":{"line":39,"column":4},"end":{"line":39,"column":null}},"10":{"start":{"line":42,"column":25},"end":{"line":42,"column":null}},"11":{"start":{"line":43,"column":17},"end":{"line":43,"column":null}},"12":{"start":{"line":44,"column":18},"end":{"line":44,"column":null}},"13":{"start":{"line":46,"column":2},"end":{"line":48,"column":null}},"14":{"start":{"line":46,"column":49},"end":{"line":46,"column":78}},"15":{"start":{"line":47,"column":4},"end":{"line":47,"column":null}},"16":{"start":{"line":50,"column":2},"end":{"line":52,"column":null}},"17":{"start":{"line":50,"column":50},"end":{"line":50,"column":80}},"18":{"start":{"line":51,"column":4},"end":{"line":51,"column":null}},"19":{"start":{"line":55,"column":2},"end":{"line":57,"column":null}},"20":{"start":{"line":56,"column":4},"end":{"line":56,"column":null}},"21":{"start":{"line":59,"column":2},"end":{"line":59,"column":null}},"22":{"start":{"line":64,"column":2},"end":{"line":66,"column":null}},"23":{"start":{"line":65,"column":4},"end":{"line":65,"column":null}}},"fnMap":{"0":{"name":"getAllowedOrigins","decl":{"start":{"line":24,"column":9},"end":{"line":24,"column":27}},"loc":{"start":{"line":24,"column":43},"end":{"line":29,"column":null}}},"1":{"name":"verifyCsrf","decl":{"start":{"line":35,"column":16},"end":{"line":35,"column":27}},"loc":{"start":{"line":35,"column":43},"end":{"line":60,"column":null}}},"2":{"name":"(anonymous_5)","decl":{"start":{"line":46,"column":36},"end":{"line":46,"column":37}},"loc":{"start":{"line":46,"column":49},"end":{"line":46,"column":78}}},"3":{"name":"(anonymous_6)","decl":{"start":{"line":50,"column":37},"end":{"line":50,"column":38}},"loc":{"start":{"line":50,"column":50},"end":{"line":50,"column":80}}},"4":{"name":"assertCsrf","decl":{"start":{"line":63,"column":16},"end":{"line":63,"column":27}},"loc":{"start":{"line":63,"column":43},"end":{"line":67,"column":null}}}},"branchMap":{"0":{"loc":{"start":{"line":26,"column":2},"end":{"line":26,"column":null}},"type":"if","locations":[{"start":{"line":26,"column":2},"end":{"line":26,"column":null}},{"start":{},"end":{}}]},"1":{"loc":{"start":{"line":38,"column":2},"end":{"line":40,"column":null}},"type":"if","locations":[{"start":{"line":38,"column":2},"end":{"line":40,"column":null}},{"start":{},"end":{}}]},"2":{"loc":{"start":{"line":46,"column":2},"end":{"line":48,"column":null}},"type":"if","locations":[{"start":{"line":46,"column":2},"end":{"line":48,"column":null}},{"start":{},"end":{}}]},"3":{"loc":{"start":{"line":46,"column":6},"end":{"line":46,"column":78}},"type":"binary-expr","locations":[{"start":{"line":46,"column":6},"end":{"line":46,"column":16}},{"start":{"line":46,"column":16},"end":{"line":46,"column":78}}]},"4":{"loc":{"start":{"line":50,"column":2},"end":{"line":52,"column":null}},"type":"if","locations":[{"start":{"line":50,"column":2},"end":{"line":52,"column":null}},{"start":{},"end":{}}]},"5":{"loc":{"start":{"line":50,"column":6},"end":{"line":50,"column":80}},"type":"binary-expr","locations":[{"start":{"line":50,"column":6},"end":{"line":50,"column":17}},{"start":{"line":50,"column":17},"end":{"line":50,"column":80}}]},"6":{"loc":{"start":{"line":55,"column":2},"end":{"line":57,"column":null}},"type":"if","locations":[{"start":{"line":55,"column":2},"end":{"line":57,"column":null}},{"start":{},"end":{}}]},"7":{"loc":{"start":{"line":64,"column":2},"end":{"line":66,"column":null}},"type":"if","locations":[{"start":{"line":64,"column":2},"end":{"line":66,"column":null}},{"start":{},"end":{}}]}},"s":{"0":2,"1":3,"2":1,"3":4,"4":4,"5":0,"6":4,"7":5,"8":5,"9":1,"10":4,"11":4,"12":4,"13":4,"14":1,"15":1,"16":3,"17":0,"18":0,"19":3,"20":0,"21":3,"22":2,"23":2},"f":{"0":4,"1":5,"2":1,"3":0,"4":2},"b":{"0":[0,4],"1":[1,4],"2":[1,3],"3":[4,1],"4":[0,3],"5":[3,0],"6":[0,3],"7":[2,0]}}
,"D:\\Proyectos\\GymPro\\lib\\env.ts": {"path":"D:\\Proyectos\\GymPro\\lib\\env.ts","statementMap":{"0":{"start":{"line":36,"column":16},"end":{"line":36,"column":null}},"1":{"start":{"line":20,"column":16},"end":{"line":20,"column":null}},"2":{"start":{"line":46,"column":16},"end":{"line":46,"column":null}},"3":{"start":{"line":14,"column":24},"end":{"line":14,"column":null}},"4":{"start":{"line":21,"column":17},"end":{"line":21,"column":null}},"5":{"start":{"line":23,"column":2},"end":{"line":25,"column":null}},"6":{"start":{"line":24,"column":4},"end":{"line":24,"column":null}},"7":{"start":{"line":28,"column":2},"end":{"line":30,"column":null}},"8":{"start":{"line":29,"column":4},"end":{"line":29,"column":null}},"9":{"start":{"line":32,"column":2},"end":{"line":32,"column":null}},"10":{"start":{"line":37,"column":14},"end":{"line":37,"column":null}},"11":{"start":{"line":38,"column":2},"end":{"line":38,"column":null}},"12":{"start":{"line":38,"column":12},"end":{"line":38,"column":null}},"13":{"start":{"line":39,"column":2},"end":{"line":39,"column":null}},"14":{"start":{"line":47,"column":14},"end":{"line":47,"column":null}},"15":{"start":{"line":49,"column":2},"end":{"line":51,"column":null}},"16":{"start":{"line":50,"column":4},"end":{"line":50,"column":null}},"17":{"start":{"line":53,"column":2},"end":{"line":53,"column":null}}},"fnMap":{"0":{"name":"getJwtSecret","decl":{"start":{"line":20,"column":16},"end":{"line":20,"column":null}},"loc":{"start":{"line":20,"column":16},"end":{"line":33,"column":null}}},"1":{"name":"getAdminSecretKey","decl":{"start":{"line":36,"column":16},"end":{"line":36,"column":null}},"loc":{"start":{"line":36,"column":16},"end":{"line":40,"column":null}}},"2":{"name":"requireAdminSecretKey","decl":{"start":{"line":46,"column":16},"end":{"line":46,"column":null}},"loc":{"start":{"line":46,"column":16},"end":{"line":54,"column":null}}}},"branchMap":{"0":{"loc":{"start":{"line":23,"column":2},"end":{"line":25,"column":null}},"type":"if","locations":[{"start":{"line":23,"column":2},"end":{"line":25,"column":null}},{"start":{},"end":{}}]},"1":{"loc":{"start":{"line":28,"column":2},"end":{"line":30,"column":null}},"type":"if","locations":[{"start":{"line":28,"column":2},"end":{"line":30,"column":null}},{"start":{},"end":{}}]},"2":{"loc":{"start":{"line":28,"column":6},"end":{"line":28,"column":75}},"type":"binary-expr","locations":[{"start":{"line":28,"column":6},"end":{"line":28,"column":47}},{"start":{"line":28,"column":47},"end":{"line":28,"column":75}}]},"3":{"loc":{"start":{"line":38,"column":2},"end":{"line":38,"column":null}},"type":"if","locations":[{"start":{"line":38,"column":2},"end":{"line":38,"column":null}},{"start":{},"end":{}}]},"4":{"loc":{"start":{"line":49,"column":2},"end":{"line":51,"column":null}},"type":"if","locations":[{"start":{"line":49,"column":2},"end":{"line":51,"column":null}},{"start":{},"end":{}}]}},"s":{"0":1,"1":2,"2":1,"3":2,"4":2,"5":2,"6":1,"7":1,"8":0,"9":1,"10":2,"11":2,"12":2,"13":0,"14":1,"15":1,"16":1,"17":0},"f":{"0":2,"1":2,"2":1},"b":{"0":[1,1],"1":[0,1],"2":[1,0],"3":[2,0],"4":[1,0]}}
,"D:\\Proyectos\\GymPro\\lib\\file-validation.ts": {"path":"D:\\Proyectos\\GymPro\\lib\\file-validation.ts","statementMap":{"0":{"start":{"line":30,"column":16},"end":{"line":30,"column":34}},"1":{"start":{"line":48,"column":16},"end":{"line":48,"column":44}},"2":{"start":{"line":15,"column":30},"end":{"line":15,"column":null}},"3":{"start":{"line":16,"column":30},"end":{"line":16,"column":46}},"4":{"start":{"line":17,"column":33},"end":{"line":22,"column":null}},"5":{"start":{"line":23,"column":33},"end":{"line":23,"column":null}},"6":{"start":{"line":31,"column":2},"end":{"line":31,"column":null}},"7":{"start":{"line":31,"column":46},"end":{"line":31,"column":null}},"8":{"start":{"line":32,"column":2},"end":{"line":32,"column":null}},"9":{"start":{"line":32,"column":42},"end":{"line":32,"column":null}},"10":{"start":{"line":34,"column":2},"end":{"line":34,"column":null}},"11":{"start":{"line":34,"column":27},"end":{"line":34,"column":null}},"12":{"start":{"line":36,"column":2},"end":{"line":41,"column":null}},"13":{"start":{"line":37,"column":19},"end":{"line":37,"column":null}},"14":{"start":{"line":38,"column":4},"end":{"line":38,"column":null}},"15":{"start":{"line":40,"column":4},"end":{"line":40,"column":null}},"16":{"start":{"line":53,"column":2},"end":{"line":55,"column":null}},"17":{"start":{"line":54,"column":4},"end":{"line":54,"column":null}},"18":{"start":{"line":57,"column":2},"end":{"line":59,"column":null}},"19":{"start":{"line":58,"column":4},"end":{"line":58,"column":null}},"20":{"start":{"line":61,"column":2},"end":{"line":63,"column":null}},"21":{"start":{"line":62,"column":4},"end":{"line":62,"column":null}},"22":{"start":{"line":65,"column":20},"end":{"line":65,"column":null}},"23":{"start":{"line":66,"column":2},"end":{"line":68,"column":null}},"24":{"start":{"line":67,"column":4},"end":{"line":67,"column":null}},"25":{"start":{"line":70,"column":2},"end":{"line":70,"column":null}}},"fnMap":{"0":{"name":"validateAvatarUrl","decl":{"start":{"line":30,"column":16},"end":{"line":30,"column":34}},"loc":{"start":{"line":30,"column":46},"end":{"line":42,"column":null}}},"1":{"name":"validateImageUploadMetadata","decl":{"start":{"line":48,"column":16},"end":{"line":48,"column":44}},"loc":{"start":{"line":52,"column":1},"end":{"line":71,"column":null}}}},"branchMap":{"0":{"loc":{"start":{"line":31,"column":2},"end":{"line":31,"column":null}},"type":"if","locations":[{"start":{"line":31,"column":2},"end":{"line":31,"column":null}},{"start":{},"end":{}}]},"1":{"loc":{"start":{"line":31,"column":6},"end":{"line":31,"column":46}},"type":"binary-expr","locations":[{"start":{"line":31,"column":6},"end":{"line":31,"column":33}},{"start":{"line":31,"column":33},"end":{"line":31,"column":46}}]},"2":{"loc":{"start":{"line":32,"column":2},"end":{"line":32,"column":null}},"type":"if","locations":[{"start":{"line":32,"column":2},"end":{"line":32,"column":null}},{"start":{},"end":{}}]},"3":{"loc":{"start":{"line":34,"column":2},"end":{"line":34,"column":null}},"type":"if","locations":[{"start":{"line":34,"column":2},"end":{"line":34,"column":null}},{"start":{},"end":{}}]},"4":{"loc":{"start":{"line":38,"column":11},"end":{"line":38,"column":null}},"type":"binary-expr","locations":[{"start":{"line":38,"column":11},"end":{"line":38,"column":42}},{"start":{"line":38,"column":42},"end":{"line":38,"column":null}}]},"5":{"loc":{"start":{"line":53,"column":2},"end":{"line":55,"column":null}},"type":"if","locations":[{"start":{"line":53,"column":2},"end":{"line":55,"column":null}},{"start":{},"end":{}}]},"6":{"loc":{"start":{"line":57,"column":2},"end":{"line":59,"column":null}},"type":"if","locations":[{"start":{"line":57,"column":2},"end":{"line":59,"column":null}},{"start":{},"end":{}}]},"7":{"loc":{"start":{"line":57,"column":6},"end":{"line":57,"column":59}},"type":"binary-expr","locations":[{"start":{"line":57,"column":6},"end":{"line":57,"column":24}},{"start":{"line":57,"column":24},"end":{"line":57,"column":59}}]},"8":{"loc":{"start":{"line":61,"column":2},"end":{"line":63,"column":null}},"type":"if","locations":[{"start":{"line":61,"column":2},"end":{"line":63,"column":null}},{"start":{},"end":{}}]},"9":{"loc":{"start":{"line":66,"column":2},"end":{"line":68,"column":null}},"type":"if","locations":[{"start":{"line":66,"column":2},"end":{"line":68,"column":null}},{"start":{},"end":{}}]}},"s":{"0":5,"1":3,"2":1,"3":1,"4":1,"5":1,"6":5,"7":2,"8":3,"9":0,"10":3,"11":1,"12":2,"13":2,"14":2,"15":0,"16":3,"17":0,"18":3,"19":1,"20":2,"21":1,"22":1,"23":1,"24":0,"25":1},"f":{"0":5,"1":3},"b":{"0":[2,3],"1":[5,4],"2":[0,3],"3":[1,2],"4":[2,2],"5":[0,3],"6":[1,2],"7":[3,3],"8":[1,1],"9":[0,1]}}
,"D:\\Proyectos\\GymPro\\lib\\mongodb.ts": {"path":"D:\\Proyectos\\GymPro\\lib\\mongodb.ts","statementMap":{"0":{"start":{"line":51,"column":0},"end":{"line":51,"column":15}},"1":{"start":{"line":1,"column":21},"end":{"line":1,"column":null}},"2":{"start":{"line":3,"column":20},"end":{"line":3,"column":null}},"3":{"start":{"line":5,"column":0},"end":{"line":7,"column":null}},"4":{"start":{"line":6,"column":2},"end":{"line":6,"column":null}},"5":{"start":{"line":19,"column":30},"end":{"line":19,"column":null}},"6":{"start":{"line":21,"column":0},"end":{"line":23,"column":null}},"7":{"start":{"line":22,"column":2},"end":{"line":22,"column":null}},"8":{"start":{"line":26,"column":2},"end":{"line":28,"column":null}},"9":{"start":{"line":27,"column":4},"end":{"line":27,"column":null}},"10":{"start":{"line":30,"column":2},"end":{"line":39,"column":null}},"11":{"start":{"line":31,"column":17},"end":{"line":33,"column":null}},"12":{"start":{"line":35,"column":4},"end":{"line":38,"column":null}},"13":{"start":{"line":36,"column":6},"end":{"line":36,"column":null}},"14":{"start":{"line":37,"column":6},"end":{"line":37,"column":null}},"15":{"start":{"line":41,"column":2},"end":{"line":46,"column":null}},"16":{"start":{"line":42,"column":4},"end":{"line":42,"column":null}},"17":{"start":{"line":44,"column":4},"end":{"line":44,"column":null}},"18":{"start":{"line":45,"column":4},"end":{"line":45,"column":null}},"19":{"start":{"line":48,"column":2},"end":{"line":48,"column":null}},"20":{"start":{"line":51,"column":15},"end":{"line":51,"column":null}}},"fnMap":{"0":{"name":"connectDB","decl":{"start":{"line":25,"column":15},"end":{"line":25,"column":null}},"loc":{"start":{"line":25,"column":15},"end":{"line":49,"column":null}}},"1":{"name":"(anonymous_3)","decl":{"start":{"line":35,"column":62},"end":{"line":35,"column":63}},"loc":{"start":{"line":35,"column":63},"end":{"line":38,"column":null}}}},"branchMap":{"0":{"loc":{"start":{"line":3,"column":20},"end":{"line":3,"column":null}},"type":"binary-expr","locations":[{"start":{"line":3,"column":20},"end":{"line":3,"column":43}},{"start":{"line":3,"column":47},"end":{"line":3,"column":null}}]},"1":{"loc":{"start":{"line":5,"column":0},"end":{"line":7,"column":null}},"type":"if","locations":[{"start":{"line":5,"column":0},"end":{"line":7,"column":null}},{"start":{},"end":{}}]},"2":{"loc":{"start":{"line":19,"column":30},"end":{"line":19,"column":null}},"type":"binary-expr","locations":[{"start":{"line":19,"column":30},"end":{"line":19,"column":45}},{"start":{"line":19,"column":49},"end":{"line":19,"column":null}}]},"3":{"loc":{"start":{"line":21,"column":0},"end":{"line":23,"column":null}},"type":"if","locations":[{"start":{"line":21,"column":0},"end":{"line":23,"column":null}},{"start":{},"end":{}}]},"4":{"loc":{"start":{"line":26,"column":2},"end":{"line":28,"column":null}},"type":"if","locations":[{"start":{"line":26,"column":2},"end":{"line":28,"column":null}},{"start":{},"end":{}}]},"5":{"loc":{"start":{"line":30,"column":2},"end":{"line":39,"column":null}},"type":"if","locations":[{"start":{"line":30,"column":2},"end":{"line":39,"column":null}},{"start":{},"end":{}}]}},"s":{"0":0,"1":1,"2":1,"3":1,"4":0,"5":1,"6":1,"7":1,"8":0,"9":0,"10":0,"11":0,"12":0,"13":0,"14":0,"15":0,"16":0,"17":0,"18":0,"19":0,"20":1},"f":{"0":0,"1":0},"b":{"0":[1,0],"1":[0,1],"2":[1,1],"3":[1,0],"4":[0,0],"5":[0,0]}}
,"D:\\Proyectos\\GymPro\\lib\\rate-limit.ts": {"path":"D:\\Proyectos\\GymPro\\lib\\rate-limit.ts","statementMap":{"0":{"start":{"line":49,"column":16},"end":{"line":49,"column":null}},"1":{"start":{"line":75,"column":16},"end":{"line":75,"column":null}},"2":{"start":{"line":40,"column":16},"end":{"line":40,"column":28}},"3":{"start":{"line":28,"column":14},"end":{"line":28,"column":null}},"4":{"start":{"line":41,"column":2},"end":{"line":44,"column":null}},"5":{"start":{"line":54,"column":14},"end":{"line":54,"column":null}},"6":{"start":{"line":55,"column":16},"end":{"line":55,"column":null}},"7":{"start":{"line":58,"column":2},"end":{"line":61,"column":null}},"8":{"start":{"line":59,"column":4},"end":{"line":59,"column":null}},"9":{"start":{"line":60,"column":4},"end":{"line":60,"column":null}},"10":{"start":{"line":63,"column":2},"end":{"line":68,"column":null}},"11":{"start":{"line":64,"column":4},"end":{"line":67,"column":null}},"12":{"start":{"line":70,"column":2},"end":{"line":70,"column":null}},"13":{"start":{"line":71,"column":2},"end":{"line":71,"column":null}},"14":{"start":{"line":81,"column":13},"end":{"line":81,"column":null}},"15":{"start":{"line":82,"column":2},"end":{"line":82,"column":null}}},"fnMap":{"0":{"name":"getClientIp","decl":{"start":{"line":40,"column":16},"end":{"line":40,"column":28}},"loc":{"start":{"line":40,"column":44},"end":{"line":46,"column":null}}},"1":{"name":"checkRateLimit","decl":{"start":{"line":49,"column":16},"end":{"line":49,"column":null}},"loc":{"start":{"line":52,"column":18},"end":{"line":72,"column":null}}},"2":{"name":"enforceRateLimit","decl":{"start":{"line":75,"column":16},"end":{"line":75,"column":null}},"loc":{"start":{"line":79,"column":18},"end":{"line":83,"column":null}}}},"branchMap":{"0":{"loc":{"start":{"line":42,"column":4},"end":{"line":44,"column":null}},"type":"binary-expr","locations":[{"start":{"line":42,"column":4},"end":{"line":42,"column":null}},{"start":{"line":43,"column":4},"end":{"line":43,"column":null}},{"start":{"line":44,"column":4},"end":{"line":44,"column":null}}]},"1":{"loc":{"start":{"line":58,"column":2},"end":{"line":61,"column":null}},"type":"if","locations":[{"start":{"line":58,"column":2},"end":{"line":61,"column":null}},{"start":{},"end":{}}]},"2":{"loc":{"start":{"line":58,"column":6},"end":{"line":58,"column":35}},"type":"binary-expr","locations":[{"start":{"line":58,"column":6},"end":{"line":58,"column":16}},{"start":{"line":58,"column":16},"end":{"line":58,"column":35}}]},"3":{"loc":{"start":{"line":63,"column":2},"end":{"line":68,"column":null}},"type":"if","locations":[{"start":{"line":63,"column":2},"end":{"line":68,"column":null}},{"start":{},"end":{}}]}},"s":{"0":9,"1":0,"2":0,"3":1,"4":0,"5":9,"6":9,"7":9,"8":4,"9":4,"10":5,"11":2,"12":3,"13":3,"14":0,"15":0},"f":{"0":0,"1":9,"2":0},"b":{"0":[0,0,0],"1":[4,5],"2":[9,6],"3":[2,3]}}
,"D:\\Proyectos\\GymPro\\lib\\saas-data.ts": {"path":"D:\\Proyectos\\GymPro\\lib\\saas-data.ts","statementMap":{"0":{"start":{"line":3,"column":13},"end":{"line":3,"column":32}},"1":{"start":{"line":3,"column":32},"end":{"line":10,"column":null}}},"fnMap":{},"branchMap":{},"s":{"0":0,"1":0},"f":{},"b":{}}
,"D:\\Proyectos\\GymPro\\lib\\tenant.ts": {"path":"D:\\Proyectos\\GymPro\\lib\\tenant.ts","statementMap":{"0":{"start":{"line":15,"column":16},"end":{"line":15,"column":31}},"1":{"start":{"line":3,"column":16},"end":{"line":3,"column":28}},"2":{"start":{"line":4,"column":2},"end":{"line":4,"column":null}},"3":{"start":{"line":4,"column":17},"end":{"line":4,"column":null}},"4":{"start":{"line":7,"column":2},"end":{"line":9,"column":null}},"5":{"start":{"line":8,"column":4},"end":{"line":8,"column":null}},"6":{"start":{"line":11,"column":16},"end":{"line":11,"column":null}},"7":{"start":{"line":12,"column":2},"end":{"line":12,"column":null}},"8":{"start":{"line":16,"column":15},"end":{"line":16,"column":null}},"9":{"start":{"line":19,"column":2},"end":{"line":21,"column":null}},"10":{"start":{"line":20,"column":4},"end":{"line":20,"column":null}},"11":{"start":{"line":23,"column":19},"end":{"line":23,"column":null}},"12":{"start":{"line":24,"column":19},"end":{"line":24,"column":null}},"13":{"start":{"line":25,"column":2},"end":{"line":25,"column":null}}},"fnMap":{"0":{"name":"getRootHost","decl":{"start":{"line":3,"column":16},"end":{"line":3,"column":28}},"loc":{"start":{"line":3,"column":45},"end":{"line":13,"column":null}}},"1":{"name":"buildTenantUrl","decl":{"start":{"line":15,"column":16},"end":{"line":15,"column":31}},"loc":{"start":{"line":15,"column":74},"end":{"line":26,"column":null}}}},"branchMap":{"0":{"loc":{"start":{"line":4,"column":2},"end":{"line":4,"column":null}},"type":"if","locations":[{"start":{"line":4,"column":2},"end":{"line":4,"column":null}},{"start":{},"end":{}}]},"1":{"loc":{"start":{"line":7,"column":2},"end":{"line":9,"column":null}},"type":"if","locations":[{"start":{"line":7,"column":2},"end":{"line":9,"column":null}},{"start":{},"end":{}}]},"2":{"loc":{"start":{"line":7,"column":6},"end":{"line":7,"column":72}},"type":"binary-expr","locations":[{"start":{"line":7,"column":6},"end":{"line":7,"column":40}},{"start":{"line":7,"column":40},"end":{"line":7,"column":72}}]},"3":{"loc":{"start":{"line":12,"column":9},"end":{"line":12,"column":null}},"type":"cond-expr","locations":[{"start":{"line":12,"column":28},"end":{"line":12,"column":55}},{"start":{"line":12,"column":55},"end":{"line":12,"column":null}}]},"4":{"loc":{"start":{"line":15,"column":45},"end":{"line":15,"column":55}},"type":"default-arg","locations":[{"start":{"line":15,"column":52},"end":{"line":15,"column":55}}]},"5":{"loc":{"start":{"line":16,"column":15},"end":{"line":16,"column":null}},"type":"binary-expr","locations":[{"start":{"line":16,"column":15},"end":{"line":16,"column":28}},{"start":{"line":16,"column":28},"end":{"line":16,"column":88}}]},"6":{"loc":{"start":{"line":16,"column":28},"end":{"line":16,"column":88}},"type":"cond-expr","locations":[{"start":{"line":16,"column":60},"end":{"line":16,"column":84}},{"start":{"line":16,"column":87},"end":{"line":16,"column":88}}]},"7":{"loc":{"start":{"line":19,"column":2},"end":{"line":21,"column":null}},"type":"if","locations":[{"start":{"line":19,"column":2},"end":{"line":21,"column":null}},{"start":{},"end":{}}]},"8":{"loc":{"start":{"line":19,"column":6},"end":{"line":19,"column":73}},"type":"binary-expr","locations":[{"start":{"line":19,"column":6},"end":{"line":19,"column":15}},{"start":{"line":19,"column":15},"end":{"line":19,"column":45}},{"start":{"line":19,"column":45},"end":{"line":19,"column":73}}]},"9":{"loc":{"start":{"line":23,"column":19},"end":{"line":23,"column":null}},"type":"cond-expr","locations":[{"start":{"line":23,"column":51},"end":{"line":23,"column":75}},{"start":{"line":23,"column":78},"end":{"line":23,"column":null}}]}},"s":{"0":0,"1":0,"2":0,"3":0,"4":0,"5":0,"6":0,"7":0,"8":0,"9":0,"10":0,"11":0,"12":0,"13":0},"f":{"0":0,"1":0},"b":{"0":[0,0],"1":[0,0],"2":[0,0],"3":[0,0],"4":[0],"5":[0,0],"6":[0,0],"7":[0,0],"8":[0,0,0],"9":[0,0]}}
,"D:\\Proyectos\\GymPro\\lib\\utils.ts": {"path":"D:\\Proyectos\\GymPro\\lib\\utils.ts","statementMap":{"0":{"start":{"line":4,"column":16},"end":{"line":4,"column":19}},"1":{"start":{"line":1,"column":38},"end":{"line":1,"column":null}},"2":{"start":{"line":2,"column":24},"end":{"line":2,"column":null}},"3":{"start":{"line":5,"column":2},"end":{"line":5,"column":null}}},"fnMap":{"0":{"name":"cn","decl":{"start":{"line":4,"column":16},"end":{"line":4,"column":19}},"loc":{"start":{"line":4,"column":42},"end":{"line":6,"column":null}}}},"branchMap":{},"s":{"0":3,"1":1,"2":1,"3":3},"f":{"0":3},"b":{}}
}
