TN:
SF:lib\api-debug.ts
FN:3,logApiRequest
FN:7,logApiError
FNF:2
FNH:0
FNDA:0,logApiRequest
FNDA:0,logApiError
DA:3,0
DA:4,0
DA:7,0
DA:8,0
LF:4
LH:0
BRF:0
BRH:0
end_of_record
TN:
SF:lib\audit-log.ts
FN:41,auditLog
FNF:1
FNH:0
FNDA:0,auditLog
DA:41,0
DA:42,0
LF:2
LH:0
BRDA:41,0,0,0
BRF:1
BRH:0
end_of_record
TN:
SF:lib\auth-server.ts
FN:37,(anonymous_11)
FN:46,(anonymous_12)
FN:61,verifyAuth
FN:92,requireRoles
FN:104,assertSameGym
FN:120,handleAuthError
FN:129,signAuthToken
FN:143,setAuthCookie
FN:153,toPublicUser
FNF:9
FNH:6
FNDA:7,(anonymous_11)
FNDA:2,(anonymous_12)
FNDA:3,verifyAuth
FNDA:2,requireRoles
FNDA:3,assertSameGym
FNDA:2,handleAuthError
FNDA:0,signAuthToken
FNDA:0,setAuthCookie
FNDA:0,toPublicUser
DA:21,2
DA:23,2
DA:24,2
DA:26,2
DA:34,6
DA:38,7
DA:39,7
DA:40,7
DA:45,2
DA:47,2
DA:61,3
DA:62,3
DA:65,3
DA:68,3
DA:69,1
DA:72,2
DA:73,2
DA:74,2
DA:76,2
DA:77,1
DA:80,1
DA:82,1
DA:84,0
DA:92,2
DA:93,2
DA:94,1
DA:104,3
DA:108,3
DA:110,2
DA:111,0
DA:114,2
DA:115,1
DA:120,2
DA:121,2
DA:122,1
DA:125,1
DA:129,0
DA:130,0
DA:143,0
DA:144,0
DA:153,0
DA:157,0
LF:42
LH:34
BRDA:37,0,0,0
BRDA:46,1,0,0
BRDA:65,2,0,3
BRDA:65,2,1,3
BRDA:68,3,0,1
BRDA:68,3,1,2
BRDA:76,4,0,1
BRDA:76,4,1,1
BRDA:76,5,0,2
BRDA:76,5,1,2
BRDA:82,6,0,1
BRDA:82,6,1,0
BRDA:93,7,0,1
BRDA:93,7,1,1
BRDA:108,8,0,1
BRDA:108,8,1,2
BRDA:110,9,0,0
BRDA:110,9,1,2
BRDA:110,10,0,2
BRDA:110,10,1,2
BRDA:114,11,0,1
BRDA:114,11,1,1
BRDA:121,12,0,1
BRDA:121,12,1,1
BRDA:165,13,0,0
BRDA:165,13,1,0
BRDA:166,14,0,0
BRDA:166,14,1,0
BRDA:167,15,0,0
BRDA:167,15,1,0
BRF:30
BRH:20
end_of_record
TN:
SF:lib\calendar-data.ts
FNF:0
FNH:0
DA:26,0
LF:1
LH:0
BRF:0
BRH:0
end_of_record
TN:
SF:lib\csrf.ts
FN:24,getAllowedOrigins
FN:35,verifyCsrf
FN:46,(anonymous_5)
FN:50,(anonymous_6)
FN:63,assertCsrf
FNF:5
FNH:4
FNDA:4,getAllowedOrigins
FNDA:5,verifyCsrf
FNDA:1,(anonymous_5)
FNDA:0,(anonymous_6)
FNDA:2,assertCsrf
DA:21,1
DA:25,4
DA:26,4
DA:28,4
DA:35,3
DA:37,5
DA:38,5
DA:39,1
DA:42,4
DA:43,4
DA:44,4
DA:46,4
DA:47,1
DA:50,3
DA:51,0
DA:55,3
DA:56,0
DA:59,3
DA:63,2
DA:64,2
DA:65,2
LF:21
LH:19
BRDA:26,0,0,0
BRDA:26,0,1,4
BRDA:38,1,0,1
BRDA:38,1,1,4
BRDA:46,2,0,1
BRDA:46,2,1,3
BRDA:46,3,0,4
BRDA:46,3,1,1
BRDA:50,4,0,0
BRDA:50,4,1,3
BRDA:50,5,0,3
BRDA:50,5,1,0
BRDA:55,6,0,0
BRDA:55,6,1,3
BRDA:64,7,0,2
BRDA:64,7,1,0
BRF:16
BRH:11
end_of_record
TN:
SF:lib\env.ts
FN:20,getJwtSecret
FN:36,getAdminSecretKey
FN:46,requireAdminSecretKey
FNF:3
FNH:3
FNDA:2,getJwtSecret
FNDA:2,getAdminSecretKey
FNDA:1,requireAdminSecretKey
DA:14,2
DA:20,2
DA:21,2
DA:23,2
DA:24,1
DA:28,1
DA:29,0
DA:32,1
DA:36,1
DA:37,2
DA:38,2
DA:39,0
DA:46,1
DA:47,1
DA:49,1
DA:50,1
DA:53,0
LF:17
LH:14
BRDA:23,0,0,1
BRDA:23,0,1,1
BRDA:28,1,0,0
BRDA:28,1,1,1
BRDA:28,2,0,1
BRDA:28,2,1,0
BRDA:38,3,0,2
BRDA:38,3,1,0
BRDA:49,4,0,1
BRDA:49,4,1,0
BRF:10
BRH:6
end_of_record
TN:
SF:lib\file-validation.ts
FN:30,validateAvatarUrl
FN:48,validateImageUploadMetadata
FNF:2
FNH:2
FNDA:5,validateAvatarUrl
FNDA:3,validateImageUploadMetadata
DA:15,1
DA:16,1
DA:17,1
DA:23,1
DA:30,5
DA:31,5
DA:32,3
DA:34,3
DA:36,2
DA:37,2
DA:38,2
DA:40,0
DA:48,3
DA:53,3
DA:54,0
DA:57,3
DA:58,1
DA:61,2
DA:62,1
DA:65,1
DA:66,1
DA:67,0
DA:70,1
LF:23
LH:20
BRDA:31,0,0,2
BRDA:31,0,1,3
BRDA:31,1,0,5
BRDA:31,1,1,4
BRDA:32,2,0,0
BRDA:32,2,1,3
BRDA:34,3,0,1
BRDA:34,3,1,2
BRDA:38,4,0,2
BRDA:38,4,1,2
BRDA:53,5,0,0
BRDA:53,5,1,3
BRDA:57,6,0,1
BRDA:57,6,1,2
BRDA:57,7,0,3
BRDA:57,7,1,3
BRDA:61,8,0,1
BRDA:61,8,1,1
BRDA:66,9,0,0
BRDA:66,9,1,1
BRF:20
BRH:17
end_of_record
TN:
SF:lib\mongodb.ts
FN:25,connectDB
FN:35,(anonymous_3)
FNF:2
FNH:0
FNDA:0,connectDB
FNDA:0,(anonymous_3)
DA:1,1
DA:3,1
DA:5,1
DA:6,0
DA:19,1
DA:21,1
DA:22,1
DA:26,0
DA:27,0
DA:30,0
DA:31,0
DA:35,0
DA:36,0
DA:37,0
DA:41,0
DA:42,0
DA:44,0
DA:45,0
DA:48,0
DA:51,1
LF:20
LH:7
BRDA:3,0,0,1
BRDA:3,0,1,0
BRDA:5,1,0,0
BRDA:5,1,1,1
BRDA:19,2,0,1
BRDA:19,2,1,1
BRDA:21,3,0,1
BRDA:21,3,1,0
BRDA:26,4,0,0
BRDA:26,4,1,0
BRDA:30,5,0,0
BRDA:30,5,1,0
BRF:12
BRH:5
end_of_record
TN:
SF:lib\rate-limit.ts
FN:40,getClientIp
FN:49,checkRateLimit
FN:75,enforceRateLimit
FNF:3
FNH:1
FNDA:0,getClientIp
FNDA:9,checkRateLimit
FNDA:0,enforceRateLimit
DA:28,1
DA:40,0
DA:41,0
DA:49,9
DA:54,9
DA:55,9
DA:58,9
DA:59,4
DA:60,4
DA:63,5
DA:64,2
DA:70,3
DA:71,3
DA:75,0
DA:81,0
DA:82,0
LF:16
LH:11
BRDA:42,0,0,0
BRDA:42,0,1,0
BRDA:42,0,2,0
BRDA:58,1,0,4
BRDA:58,1,1,5
BRDA:58,2,0,9
BRDA:58,2,1,6
BRDA:63,3,0,2
BRDA:63,3,1,3
BRF:9
BRH:6
end_of_record
TN:
SF:lib\saas-data.ts
FNF:0
FNH:0
DA:3,0
LF:1
LH:0
BRF:0
BRH:0
end_of_record
TN:
SF:lib\tenant.ts
FN:3,getRootHost
FN:15,buildTenantUrl
FNF:2
FNH:0
FNDA:0,getRootHost
FNDA:0,buildTenantUrl
DA:3,0
DA:4,0
DA:7,0
DA:8,0
DA:11,0
DA:12,0
DA:15,0
DA:16,0
DA:19,0
DA:20,0
DA:23,0
DA:24,0
DA:25,0
LF:13
LH:0
BRDA:4,0,0,0
BRDA:4,0,1,0
BRDA:7,1,0,0
BRDA:7,1,1,0
BRDA:7,2,0,0
BRDA:7,2,1,0
BRDA:12,3,0,0
BRDA:12,3,1,0
BRDA:15,4,0,0
BRDA:16,5,0,0
BRDA:16,5,1,0
BRDA:16,6,0,0
BRDA:16,6,1,0
BRDA:19,7,0,0
BRDA:19,7,1,0
BRDA:19,8,0,0
BRDA:19,8,1,0
BRDA:19,8,2,0
BRDA:23,9,0,0
BRDA:23,9,1,0
BRF:20
BRH:0
end_of_record
TN:
SF:lib\utils.ts
FN:4,cn
FNF:1
FNH:1
FNDA:3,cn
DA:1,1
DA:2,1
DA:4,3
DA:5,3
LF:4
LH:4
BRF:0
BRH:0
end_of_record
